0 info it worked if it ends with ok
1 verbose cli [ 'C:\\Program Files\\nodejs\\node.exe',
1 verbose cli   'C:\\Users\\Настя\\AppData\\Roaming\\npm\\node_modules\\npm\\bin\\npm-cli.js',
1 verbose cli   'install',
1 verbose cli   'my-engine-smith@latest',
1 verbose cli   '--save-dev' ]
2 info using npm@5.3.0
3 info using node@v6.10.3
4 verbose npm-session a82d2980013ca30e
5 silly install loadCurrentTree
6 silly install readLocalPackageData
7 http fetch GET 404 https://registry.npmjs.org/my-engine-smith 2515ms
8 silly fetchPackageMetaData error for my-engine-smith@latest 404 Not Found: my-engine-smith@latest
9 verbose stack Error: 404 Not Found: my-engine-smith@latest
9 verbose stack     at fetch.then.res (C:\Users\Настя\AppData\Roaming\npm\node_modules\npm\node_modules\pacote\lib\fetchers\registry\fetch.js:41:19)
9 verbose stack     at tryCatcher (C:\Users\Настя\AppData\Roaming\npm\node_modules\npm\node_modules\bluebird\js\release\util.js:16:23)
9 verbose stack     at Promise._settlePromiseFromHandler (C:\Users\Настя\AppData\Roaming\npm\node_modules\npm\node_modules\bluebird\js\release\promise.js:512:31)
9 verbose stack     at Promise._settlePromise (C:\Users\Настя\AppData\Roaming\npm\node_modules\npm\node_modules\bluebird\js\release\promise.js:569:18)
9 verbose stack     at Promise._settlePromise0 (C:\Users\Настя\AppData\Roaming\npm\node_modules\npm\node_modules\bluebird\js\release\promise.js:614:10)
9 verbose stack     at Promise._settlePromises (C:\Users\Настя\AppData\Roaming\npm\node_modules\npm\node_modules\bluebird\js\release\promise.js:693:18)
9 verbose stack     at Async._drainQueue (C:\Users\Настя\AppData\Roaming\npm\node_modules\npm\node_modules\bluebird\js\release\async.js:133:16)
9 verbose stack     at Async._drainQueues (C:\Users\Настя\AppData\Roaming\npm\node_modules\npm\node_modules\bluebird\js\release\async.js:143:10)
9 verbose stack     at Immediate.Async.drainQueues (C:\Users\Настя\AppData\Roaming\npm\node_modules\npm\node_modules\bluebird\js\release\async.js:17:14)
9 verbose stack     at runCallback (timers.js:672:20)
9 verbose stack     at tryOnImmediate (timers.js:645:5)
9 verbose stack     at processImmediate [as _immediateCallback] (timers.js:617:5)
10 verbose cwd C:\Users\Настя\Desktop\barabash_test
11 verbose Windows_NT 10.0.15063
12 verbose argv "C:\\Program Files\\nodejs\\node.exe" "C:\\Users\\Настя\\AppData\\Roaming\\npm\\node_modules\\npm\\bin\\npm-cli.js" "install" "my-engine-smith@latest" "--save-dev"
13 verbose node v6.10.3
14 verbose npm  v5.3.0
15 error code E404
16 error 404 Not Found: my-engine-smith@latest
17 verbose exit [ 1, true ]
