0 info it worked if it ends with ok
1 verbose cli [ 'C:\\Program Files\\nodejs\\node.exe',
1 verbose cli   'C:\\Users\\Настя\\AppData\\Roaming\\npm\\node_modules\\npm\\bin\\npm-cli.js',
1 verbose cli   'install',
1 verbose cli   'browser-sync' ]
2 info using npm@5.0.1
3 info using node@v6.10.3
4 silly install loadCurrentTree
5 silly install readLocalPackageData
6 silly fetchPackageMetaData error for browser-sync@latest C:\Users\Настя\Desktop\barabash_test\Develnodejsnpm-cache\_cacache is not a legal HTTP header value
7 verbose stack TypeError: C:\Users\Настя\Desktop\barabash_test\Develnodejsnpm-cache\_cacache is not a legal HTTP header value
7 verbose stack     at sanitizeValue (C:\Users\Настя\AppData\Roaming\npm\node_modules\npm\node_modules\pacote\node_modules\make-fetch-happen\node_modules\node-fetch-npm\src\headers.js:24:11)
7 verbose stack     at Headers.set (C:\Users\Настя\AppData\Roaming\npm\node_modules\npm\node_modules\pacote\node_modules\make-fetch-happen\node_modules\node-fetch-npm\src\headers.js:141:38)
7 verbose stack     at addCacheHeaders (C:\Users\Настя\AppData\Roaming\npm\node_modules\npm\node_modules\pacote\node_modules\make-fetch-happen\cache.js:253:14)
7 verbose stack     at cacache.get.info.then.then.info (C:\Users\Настя\AppData\Roaming\npm\node_modules\npm\node_modules\pacote\node_modules\make-fetch-happen\cache.js:57:9)
7 verbose stack     at tryCatcher (C:\Users\Настя\AppData\Roaming\npm\node_modules\npm\node_modules\bluebird\js\release\util.js:16:23)
7 verbose stack     at Promise._settlePromiseFromHandler (C:\Users\Настя\AppData\Roaming\npm\node_modules\npm\node_modules\bluebird\js\release\promise.js:512:31)
7 verbose stack     at Promise._settlePromise (C:\Users\Настя\AppData\Roaming\npm\node_modules\npm\node_modules\bluebird\js\release\promise.js:569:18)
7 verbose stack     at Promise._settlePromise0 (C:\Users\Настя\AppData\Roaming\npm\node_modules\npm\node_modules\bluebird\js\release\promise.js:614:10)
7 verbose stack     at Promise._settlePromises (C:\Users\Настя\AppData\Roaming\npm\node_modules\npm\node_modules\bluebird\js\release\promise.js:693:18)
7 verbose stack     at Promise._fulfill (C:\Users\Настя\AppData\Roaming\npm\node_modules\npm\node_modules\bluebird\js\release\promise.js:638:18)
7 verbose stack     at Promise._resolveCallback (C:\Users\Настя\AppData\Roaming\npm\node_modules\npm\node_modules\bluebird\js\release\promise.js:432:57)
7 verbose stack     at Promise._settlePromiseFromHandler (C:\Users\Настя\AppData\Roaming\npm\node_modules\npm\node_modules\bluebird\js\release\promise.js:524:17)
7 verbose stack     at Promise._settlePromise (C:\Users\Настя\AppData\Roaming\npm\node_modules\npm\node_modules\bluebird\js\release\promise.js:569:18)
7 verbose stack     at Promise._settlePromise0 (C:\Users\Настя\AppData\Roaming\npm\node_modules\npm\node_modules\bluebird\js\release\promise.js:614:10)
7 verbose stack     at Promise._settlePromises (C:\Users\Настя\AppData\Roaming\npm\node_modules\npm\node_modules\bluebird\js\release\promise.js:693:18)
7 verbose stack     at Promise._fulfill (C:\Users\Настя\AppData\Roaming\npm\node_modules\npm\node_modules\bluebird\js\release\promise.js:638:18)
8 verbose cwd C:\Users\Настя\Desktop\barabash_test
9 verbose Windows_NT 10.0.15063
10 verbose argv "C:\\Program Files\\nodejs\\node.exe" "C:\\Users\\Настя\\AppData\\Roaming\\npm\\node_modules\\npm\\bin\\npm-cli.js" "install" "browser-sync"
11 verbose node v6.10.3
12 verbose npm  v5.0.1
13 error C:\Users\Настя\Desktop\barabash_test\Develnodejsnpm-cache\_cacache is not a legal HTTP header value
14 verbose exit [ 1, true ]
