0 info it worked if it ends with ok
1 verbose cli [ 'C:\\Program Files\\nodejs\\node.exe',
1 verbose cli   'C:\\Users\\Настя\\AppData\\Roaming\\npm\\node_modules\\npm\\bin\\npm-cli.js',
1 verbose cli   'install',
1 verbose cli   'browser-sync' ]
2 info using npm@5.0.1
3 info using node@v6.10.3
4 silly install loadCurrentTree
5 silly install readLocalPackageData
6 http fetch GET 200 https://registry.npmjs.org/browser-sync 1381ms
7 silly pacote tag manifest for browser-sync@latest fetched in 2464ms
8 silly install loadIdealTree
9 silly install cloneCurrentTreeToIdealTree
10 silly install loadShrinkwrap
11 silly install loadAllDepsIntoIdealTree
12 silly resolveWithNewModule browser-sync@2.18.13 checking installable status
13 http fetch GET 200 https://registry.npmjs.org/chokidar 173ms
14 silly pacote version manifest for chokidar@1.7.0 fetched in 197ms
15 silly resolveWithNewModule chokidar@1.7.0 checking installable status
16 http fetch GET 200 https://registry.npmjs.org/http-proxy 182ms
17 silly pacote version manifest for http-proxy@1.15.2 fetched in 191ms
18 silly resolveWithNewModule http-proxy@1.15.2 checking installable status
19 http fetch GET 200 https://registry.npmjs.org/browser-sync-client 476ms
20 http fetch GET 200 https://registry.npmjs.org/bs-recipes 624ms
21 http fetch GET 200 https://registry.npmjs.org/dev-ip 623ms
22 http fetch GET 200 https://registry.npmjs.org/browser-sync-ui 630ms
23 http fetch GET 200 https://registry.npmjs.org/easy-extender 630ms
24 http fetch GET 200 https://registry.npmjs.org/eazy-logger 631ms
25 silly pacote version manifest for browser-sync-client@2.5.1 fetched in 651ms
26 silly resolveWithNewModule browser-sync-client@2.5.1 checking installable status
27 http fetch GET 200 https://registry.npmjs.org/emitter-steward 685ms
28 http fetch GET 200 https://registry.npmjs.org/fs-extra 683ms
29 http fetch GET 200 https://registry.npmjs.org/immutable 304ms
30 silly pacote version manifest for browser-sync-ui@0.6.3 fetched in 716ms
31 silly resolveWithNewModule browser-sync-ui@0.6.3 checking installable status
32 silly pacote range manifest for dev-ip@^1.0.1 fetched in 716ms
33 silly resolveWithNewModule dev-ip@1.0.1 checking installable status
34 silly pacote version manifest for bs-recipes@1.3.4 fetched in 718ms
35 silly resolveWithNewModule bs-recipes@1.3.4 checking installable status
36 http fetch GET 200 https://registry.npmjs.org/connect 721ms
37 silly pacote version manifest for easy-extender@2.3.2 fetched in 723ms
38 silly resolveWithNewModule easy-extender@2.3.2 checking installable status
39 silly pacote version manifest for eazy-logger@3.0.2 fetched in 724ms
40 silly resolveWithNewModule eazy-logger@3.0.2 checking installable status
41 silly pacote version manifest for fs-extra@3.0.1 fetched in 758ms
42 silly resolveWithNewModule fs-extra@3.0.1 checking installable status
43 silly pacote range manifest for emitter-steward@^1.0.0 fetched in 763ms
44 silly resolveWithNewModule emitter-steward@1.0.0 checking installable status
45 silly pacote version manifest for immutable@3.8.1 fetched in 378ms
46 silly resolveWithNewModule immutable@3.8.1 checking installable status
47 silly pacote version manifest for connect@3.5.0 fetched in 785ms
48 silly resolveWithNewModule connect@3.5.0 checking installable status
49 silly fetchPackageMetaData error for qs@6.2.1 C:\Users\Настя\Desktop\barabash_test\Develnodejsnpm-cache\_cacache is not a legal HTTP header value
50 http fetch GET 200 https://registry.npmjs.org/localtunnel 243ms
51 http fetch GET 200 https://registry.npmjs.org/portscanner 344ms
52 http fetch GET 200 https://registry.npmjs.org/opn 346ms
53 http fetch GET 200 https://registry.npmjs.org/serve-index 300ms
54 silly pacote version manifest for localtunnel@1.8.3 fetched in 507ms
55 silly resolveWithNewModule localtunnel@1.8.3 checking installable status
56 http fetch GET 200 https://registry.npmjs.org/resp-modifier 438ms
57 http fetch GET 200 https://registry.npmjs.org/server-destroy 434ms
58 http fetch GET 200 https://registry.npmjs.org/rx 480ms
59 http fetch GET 200 https://registry.npmjs.org/socket.io-client 388ms
60 http fetch GET 200 https://registry.npmjs.org/socket.io 425ms
61 http fetch GET 200 https://registry.npmjs.org/serve-static 446ms
62 silly pacote version manifest for opn@4.0.2 fetched in 586ms
63 silly resolveWithNewModule opn@4.0.2 checking installable status
64 silly pacote version manifest for serve-index@1.8.0 fetched in 545ms
65 silly resolveWithNewModule serve-index@1.8.0 checking installable status
66 silly pacote version manifest for portscanner@2.1.1 fetched in 594ms
67 silly resolveWithNewModule portscanner@2.1.1 checking installable status
68 silly pacote version manifest for resp-modifier@6.0.2 fetched in 605ms
69 silly resolveWithNewModule resp-modifier@6.0.2 checking installable status
70 silly pacote version manifest for socket.io@1.6.0 fetched in 563ms
71 silly resolveWithNewModule socket.io@1.6.0 checking installable status
72 silly pacote version manifest for socket.io-client@1.6.0 fetched in 530ms
73 silly resolveWithNewModule socket.io-client@1.6.0 checking installable status
74 http fetch GET 200 https://registry.npmjs.org/ua-parser-js 190ms
75 silly pacote version manifest for serve-static@1.12.2 fetched in 586ms
76 silly resolveWithNewModule serve-static@1.12.2 checking installable status
77 silly pacote version manifest for server-destroy@1.0.1 fetched in 584ms
78 silly resolveWithNewModule server-destroy@1.0.1 checking installable status
79 silly pacote version manifest for rx@4.1.0 fetched in 629ms
80 silly resolveWithNewModule rx@4.1.0 checking installable status
81 silly fetchPackageMetaData error for yargs@6.4.0 C:\Users\Настя\Desktop\barabash_test\Develnodejsnpm-cache\_cacache is not a legal HTTP header value
82 silly pacote version manifest for ua-parser-js@0.7.12 fetched in 220ms
83 silly resolveWithNewModule ua-parser-js@0.7.12 checking installable status
84 verbose stack TypeError: C:\Users\Настя\Desktop\barabash_test\Develnodejsnpm-cache\_cacache is not a legal HTTP header value
84 verbose stack     at sanitizeValue (C:\Users\Настя\AppData\Roaming\npm\node_modules\npm\node_modules\pacote\node_modules\make-fetch-happen\node_modules\node-fetch-npm\src\headers.js:24:11)
84 verbose stack     at Headers.set (C:\Users\Настя\AppData\Roaming\npm\node_modules\npm\node_modules\pacote\node_modules\make-fetch-happen\node_modules\node-fetch-npm\src\headers.js:141:38)
84 verbose stack     at addCacheHeaders (C:\Users\Настя\AppData\Roaming\npm\node_modules\npm\node_modules\pacote\node_modules\make-fetch-happen\cache.js:253:14)
84 verbose stack     at cacache.get.info.then.then.info (C:\Users\Настя\AppData\Roaming\npm\node_modules\npm\node_modules\pacote\node_modules\make-fetch-happen\cache.js:57:9)
84 verbose stack     at tryCatcher (C:\Users\Настя\AppData\Roaming\npm\node_modules\npm\node_modules\bluebird\js\release\util.js:16:23)
84 verbose stack     at Promise._settlePromiseFromHandler (C:\Users\Настя\AppData\Roaming\npm\node_modules\npm\node_modules\bluebird\js\release\promise.js:512:31)
84 verbose stack     at Promise._settlePromise (C:\Users\Настя\AppData\Roaming\npm\node_modules\npm\node_modules\bluebird\js\release\promise.js:569:18)
84 verbose stack     at Promise._settlePromise0 (C:\Users\Настя\AppData\Roaming\npm\node_modules\npm\node_modules\bluebird\js\release\promise.js:614:10)
84 verbose stack     at Promise._settlePromises (C:\Users\Настя\AppData\Roaming\npm\node_modules\npm\node_modules\bluebird\js\release\promise.js:693:18)
84 verbose stack     at Promise._fulfill (C:\Users\Настя\AppData\Roaming\npm\node_modules\npm\node_modules\bluebird\js\release\promise.js:638:18)
84 verbose stack     at Promise._resolveCallback (C:\Users\Настя\AppData\Roaming\npm\node_modules\npm\node_modules\bluebird\js\release\promise.js:432:57)
84 verbose stack     at Promise._settlePromiseFromHandler (C:\Users\Настя\AppData\Roaming\npm\node_modules\npm\node_modules\bluebird\js\release\promise.js:524:17)
84 verbose stack     at Promise._settlePromise (C:\Users\Настя\AppData\Roaming\npm\node_modules\npm\node_modules\bluebird\js\release\promise.js:569:18)
84 verbose stack     at Promise._settlePromise0 (C:\Users\Настя\AppData\Roaming\npm\node_modules\npm\node_modules\bluebird\js\release\promise.js:614:10)
84 verbose stack     at Promise._settlePromises (C:\Users\Настя\AppData\Roaming\npm\node_modules\npm\node_modules\bluebird\js\release\promise.js:693:18)
84 verbose stack     at Promise._fulfill (C:\Users\Настя\AppData\Roaming\npm\node_modules\npm\node_modules\bluebird\js\release\promise.js:638:18)
85 verbose cwd C:\Users\Настя\Desktop\barabash_test
86 verbose Windows_NT 10.0.15063
87 verbose argv "C:\\Program Files\\nodejs\\node.exe" "C:\\Users\\Настя\\AppData\\Roaming\\npm\\node_modules\\npm\\bin\\npm-cli.js" "install" "browser-sync"
88 verbose node v6.10.3
89 verbose npm  v5.0.1
90 error C:\Users\Настя\Desktop\barabash_test\Develnodejsnpm-cache\_cacache is not a legal HTTP header value
91 verbose exit [ 1, true ]
